<?xml version="1.0" encoding="UTF-8"?>
<testng-results skipped="0" failed="0" ignored="0" total="1" passed="1">
  <reporter-output>
  </reporter-output>
  <suite name="Default suite" duration-ms="20723" started-at="2021-07-14T17:53:59 IST" finished-at="2021-07-14T17:54:20 IST">
    <groups>
    </groups>
    <test name="Default test" duration-ms="20723" started-at="2021-07-14T17:53:59 IST" finished-at="2021-07-14T17:54:20 IST">
      <class name="TestClass">
        <test-method status="PASS" signature="beforeClass()[pri:0, instance:TestClass@2d6eabae]" name="beforeClass" is-config="true" duration-ms="6855" started-at="2021-07-14T17:53:59 IST" finished-at="2021-07-14T17:54:06 IST">
          <reporter-output>
          </reporter-output>
        </test-method> <!-- beforeClass -->
        <test-method status="PASS" signature="testcase1()[pri:0, instance:TestClass@2d6eabae]" name="testcase1" duration-ms="13789" started-at="2021-07-14T17:54:06 IST" finished-at="2021-07-14T17:54:20 IST">
          <reporter-output>
          </reporter-output>
        </test-method> <!-- testcase1 -->
      </class> <!-- TestClass -->
    </test> <!-- Default test -->
  </suite> <!-- Default suite -->
</testng-results>
